<?xml version="1.0" encoding="UTF-8"?>
<coverage generated="1593069629647" clover="3.2.0">
  <project timestamp="1593069629647" name="All files">
    <metrics statements="21" coveredstatements="17" conditionals="0" coveredconditionals="0" methods="5" coveredmethods="3" elements="26" coveredelements="20" complexity="0" loc="21" ncloc="21" packages="1" files="1" classes="1"/>
    <file name="Carousel.jsx" path="/Users/benli/Desktop/HR/explore/client/src/components/Carousel.jsx">
      <metrics statements="21" coveredstatements="17" conditionals="0" coveredconditionals="0" methods="5" coveredmethods="3"/>
      <line num="4" count="1" type="stmt"/>
      <line num="6" count="1" type="stmt"/>
      <line num="15" count="1" type="stmt"/>
      <line num="24" count="1" type="stmt"/>
      <line num="29" count="1" type="stmt"/>
      <line num="37" count="1" type="stmt"/>
      <line num="43" count="1" type="stmt"/>
      <line num="53" count="1" type="stmt"/>
      <line num="56" count="1" type="stmt"/>
      <line num="65" count="1" type="stmt"/>
      <line num="66" count="1" type="stmt"/>
      <line num="69" count="1" type="stmt"/>
      <line num="70" count="1" type="stmt"/>
      <line num="75" count="1" type="stmt"/>
      <line num="77" count="1" type="stmt"/>
      <line num="78" count="1" type="stmt"/>
      <line num="82" count="0" type="stmt"/>
      <line num="86" count="0" type="stmt"/>
      <line num="87" count="0" type="stmt"/>
      <line num="89" count="0" type="stmt"/>
      <line num="92" count="1" type="stmt"/>
    </file>
  </project>
</coverage>
