{"/Users/benli/Desktop/HR/explore/client/src/components/Carousel.jsx": {"path":"/Users/benli/Desktop/HR/explore/client/src/components/Carousel.jsx","statementMap":{"0":{"start":{"line":4,"column":14},"end":{"line":4,"column":30}},"1":{"start":{"line":6,"column":16},"end":{"line":13,"column":1}},"2":{"start":{"line":15,"column":18},"end":{"line":22,"column":1}},"3":{"start":{"line":24,"column":14},"end":{"line":28,"column":1}},"4":{"start":{"line":29,"column":16},"end":{"line":36,"column":1}},"5":{"start":{"line":37,"column":13},"end":{"line":42,"column":1}},"6":{"start":{"line":43,"column":12},"end":{"line":52,"column":1}},"7":{"start":{"line":53,"column":16},"end":{"line":55,"column":1}},"8":{"start":{"line":56,"column":17},"end":{"line":59,"column":1}},"9":{"start":{"line":65,"column":4},"end":{"line":65,"column":17}},"10":{"start":{"line":66,"column":4},"end":{"line":68,"column":6}},"11":{"start":{"line":69,"column":4},"end":{"line":69,"column":47}},"12":{"start":{"line":70,"column":4},"end":{"line":70,"column":47}},"13":{"start":{"line":75,"column":4},"end":{"line":75,"column":49}},"14":{"start":{"line":77,"column":4},"end":{"line":77,"column":53}},"15":{"start":{"line":78,"column":4},"end":{"line":78,"column":37}},"16":{"start":{"line":82,"column":4},"end":{"line":82,"column":58}},"17":{"start":{"line":86,"column":4},"end":{"line":86,"column":58}},"18":{"start":{"line":87,"column":4},"end":{"line":87,"column":47}},"19":{"start":{"line":89,"column":4},"end":{"line":89,"column":49}},"20":{"start":{"line":92,"column":12},"end":{"line":135,"column":3}}},"fnMap":{"0":{"name":"(anonymous_0)","decl":{"start":{"line":64,"column":2},"end":{"line":64,"column":3}},"loc":{"start":{"line":64,"column":21},"end":{"line":71,"column":3}},"line":64},"1":{"name":"(anonymous_1)","decl":{"start":{"line":73,"column":2},"end":{"line":73,"column":3}},"loc":{"start":{"line":73,"column":22},"end":{"line":79,"column":3}},"line":73},"2":{"name":"(anonymous_2)","decl":{"start":{"line":81,"column":2},"end":{"line":81,"column":3}},"loc":{"start":{"line":81,"column":14},"end":{"line":83,"column":3}},"line":81},"3":{"name":"(anonymous_3)","decl":{"start":{"line":85,"column":2},"end":{"line":85,"column":3}},"loc":{"start":{"line":85,"column":13},"end":{"line":90,"column":3}},"line":85},"4":{"name":"(anonymous_4)","decl":{"start":{"line":92,"column":2},"end":{"line":92,"column":3}},"loc":{"start":{"line":92,"column":11},"end":{"line":135,"column":4}},"line":92}},"branchMap":{},"s":{"0":1,"1":1,"2":1,"3":1,"4":1,"5":1,"6":1,"7":1,"8":1,"9":1,"10":1,"11":1,"12":1,"13":1,"14":1,"15":1,"16":0,"17":0,"18":0,"19":0,"20":1},"f":{"0":1,"1":1,"2":0,"3":0,"4":1},"b":{},"_coverageSchema":"1a1c01bbd47fc00a2c39e90264f33305004495a9","hash":"f5391fb4e629a7564093c2044410236ff1a83ec7"}
}
