TN:
SF:client/src/components/App.jsx
FN:24,(anonymous_0)
FN:44,(anonymous_1)
FN:64,(anonymous_2)
FN:66,(anonymous_3)
FN:74,(anonymous_4)
FN:81,(anonymous_5)
FN:87,(anonymous_6)
FN:94,(anonymous_7)
FN:99,(anonymous_8)
FN:103,(anonymous_9)
FN:113,(anonymous_10)
FNF:11
FNH:4
FNDA:0,(anonymous_0)
FNDA:3,(anonymous_1)
FNDA:3,(anonymous_2)
FNDA:0,(anonymous_3)
FNDA:0,(anonymous_4)
FNDA:0,(anonymous_5)
FNDA:0,(anonymous_6)
FNDA:0,(anonymous_7)
FNDA:3,(anonymous_8)
FNDA:3,(anonymous_9)
FNDA:0,(anonymous_10)
DA:8,1
DA:10,1
DA:15,1
DA:24,1
DA:25,0
DA:26,0
DA:27,0
DA:32,0
DA:45,3
DA:46,3
DA:58,3
DA:59,3
DA:60,3
DA:61,3
DA:65,3
DA:67,0
DA:68,0
DA:75,0
DA:83,0
DA:84,0
DA:85,0
DA:86,0
DA:88,0
DA:89,0
DA:95,0
DA:96,0
DA:100,3
DA:104,3
DA:113,0
LF:29
LH:13
BRDA:83,0,0,0
BRDA:83,0,1,0
BRDA:96,1,0,0
BRDA:96,1,1,0
BRF:4
BRH:0
end_of_record
TN:
SF:client/src/components/Carousel.jsx
FN:86,(anonymous_0)
FN:96,(anonymous_1)
FN:104,(anonymous_2)
FN:109,(anonymous_3)
FN:116,(anonymous_4)
FN:120,(anonymous_5)
FN:133,(anonymous_6)
FNF:7
FNH:4
FNDA:4,(anonymous_0)
FNDA:3,(anonymous_1)
FNDA:0,(anonymous_2)
FNDA:0,(anonymous_3)
FNDA:0,(anonymous_4)
FNDA:4,(anonymous_5)
FNDA:15,(anonymous_6)
DA:4,2
DA:6,2
DA:14,2
DA:23,2
DA:32,2
DA:38,2
DA:48,2
DA:55,2
DA:61,2
DA:73,2
DA:76,2
DA:87,4
DA:88,4
DA:91,4
DA:92,4
DA:93,4
DA:98,3
DA:105,0
DA:106,0
DA:113,0
DA:117,0
DA:125,4
DA:134,15
LF:23
LH:19
BRF:0
BRH:0
end_of_record
TN:
SF:client/src/components/Modal.jsx
FN:109,(anonymous_0)
FN:124,(anonymous_1)
FN:130,(anonymous_2)
FNF:3
FNH:2
FNDA:3,(anonymous_0)
FNDA:0,(anonymous_1)
FNDA:3,(anonymous_2)
DA:4,1
DA:6,1
DA:17,1
DA:25,1
DA:31,1
DA:33,1
DA:38,1
DA:42,1
DA:49,1
DA:57,1
DA:65,1
DA:70,1
DA:78,1
DA:84,1
DA:88,1
DA:91,1
DA:97,1
DA:101,1
DA:104,1
DA:110,3
DA:111,3
DA:121,3
DA:125,0
DA:126,0
DA:131,3
DA:132,3
DA:134,0
LF:27
LH:24
BRDA:125,0,0,0
BRDA:125,0,1,0
BRDA:131,1,0,3
BRDA:131,1,1,0
BRF:4
BRH:1
end_of_record
